<?xml version="1.0" encoding="UTF-8"?>
<testsuite xmlns:xsi="http://www.w3.org/2001/XMLSchema-instance" xsi:noNamespaceSchemaLocation="https://maven.apache.org/surefire/maven-surefire-plugin/xsd/surefire-test-report.xsd" name="sfgpetclinic.SfgPetClinicApplicationTests" time="0.327" tests="1" errors="1" skipped="0" failures="0">
  <properties>
[...]
</properties>
  <testcase name="initializationError" classname="sfgpetclinic.SfgPetClinicApplicationTests" time="0.001">
    <error message="Unable to find a @SpringBootConfiguration, you need to use @ContextConfiguration or @SpringBootTest(classes=...) with your test" type="java.lang.IllegalStateException">java.lang.IllegalStateException: Unable to find a @SpringBootConfiguration, you need to use @ContextConfiguration or @SpringBootTest(classes=...) with your test
</error>
    <system-out><![CDATA[16:09:07.157 [main] DEBUG org.springframework.test.context.junit4.SpringJUnit4ClassRunner - SpringJUnit4ClassRunner constructor called with [class sfgpetclinic.SfgPetClinicApplicationTests]
16:09:07.161 [main] DEBUG org.springframework.test.context.BootstrapUtils - Instantiating CacheAwareContextLoaderDelegate from class [org.springframework.test.context.cache.DefaultCacheAwareContextLoaderDelegate]
16:09:07.166 [main] DEBUG org.springframework.test.context.BootstrapUtils - Instantiating BootstrapContext using constructor [public org.springframework.test.context.support.DefaultBootstrapContext(java.lang.Class,org.springframework.test.context.CacheAwareContextLoaderDelegate)]
16:09:07.179 [main] DEBUG org.springframework.test.context.BootstrapUtils - Instantiating TestContextBootstrapper for test class [sfgpetclinic.SfgPetClinicApplicationTests] from class [org.springframework.boot.test.context.SpringBootTestContextBootstrapper]
16:09:07.188 [main] INFO org.springframework.boot.test.context.SpringBootTestContextBootstrapper - Neither @ContextConfiguration nor @ContextHierarchy found for test class [sfgpetclinic.SfgPetClinicApplicationTests], using SpringBootContextLoader
16:09:07.191 [main] DEBUG org.springframework.test.context.support.AbstractContextLoader - Did not detect default resource location for test class [sfgpetclinic.SfgPetClinicApplicationTests]: class path resource [sfgpetclinic/SfgPetClinicApplicationTests-context.xml] does not exist
16:09:07.192 [main] DEBUG org.springframework.test.context.support.AbstractContextLoader - Did not detect default resource location for test class [sfgpetclinic.SfgPetClinicApplicationTests]: class path resource [sfgpetclinic/SfgPetClinicApplicationTestsContext.groovy] does not exist
16:09:07.192 [main] INFO org.springframework.test.context.support.AbstractContextLoader - Could not detect default resource locations for test class [sfgpetclinic.SfgPetClinicApplicationTests]: no resource found for suffixes {-context.xml, Context.groovy}.
16:09:07.193 [main] INFO org.springframework.test.context.support.AnnotationConfigContextLoaderUtils - Could not detect default configuration classes for test class [sfgpetclinic.SfgPetClinicApplicationTests]: SfgPetClinicApplicationTests does not declare any static, non-private, non-final, nested classes annotated with @Configuration.
16:09:07.234 [main] DEBUG org.springframework.test.context.support.ActiveProfilesUtils - Could not find an 'annotation declaring class' for annotation type [org.springframework.test.context.ActiveProfiles] and class [sfgpetclinic.SfgPetClinicApplicationTests]
16:09:07.240 [main] DEBUG org.springframework.core.env.StandardEnvironment - Adding PropertySource 'systemProperties' with lowest search precedence
16:09:07.241 [main] DEBUG org.springframework.core.env.StandardEnvironment - Adding PropertySource 'systemEnvironment' with lowest search precedence
16:09:07.241 [main] DEBUG org.springframework.core.env.StandardEnvironment - Initialized StandardEnvironment with PropertySources [MapPropertySource@854587510 {name='systemProperties', properties={awt.toolkit=sun.lwawt.macosx.LWCToolkit, java.specification.version=12, sun.jnu.encoding=UTF-8, java.class.path=/Users/patrickvermillion/Documents/GitHub/sfg-pet-clinic-fe38e59be9e8738fa1a8500e0e97f02c4d8020cc/pet-clinic-web/target/test-classes:/Users/patrickvermillion/Documents/GitHub/sfg-pet-clinic-fe38e59be9e8738fa1a8500e0e97f02c4d8020cc/pet-clinic-web/target/classes:/Users/patrickvermillion/Documents/GitHub/sfg-pet-clinic-fe38e59be9e8738fa1a8500e0e97f02c4d8020cc/pet-clinic-data/target/pet-clinic-data-0.0.1.jar:/Users/patrickvermillion/.m2/repository/org/springframework/boot/spring-boot-starter-data-jpa/2.0.3.RELEASE/spring-boot-starter-data-jpa-2.0.3.RELEASE.jar:/Users/patrickvermillion/.m2/repository/org/springframework/boot/spring-boot-starter-aop/2.0.3.RELEASE/spring-boot-starter-aop-2.0.3.RELEASE.jar:/Users/patrickvermillion/.m2/repository/org/aspectj/aspectjweaver/1.8.13/aspectjweaver-1.8.13.jar:/Users/patrickvermillion/.m2/repository/org/springframework/boot/spring-boot-starter-jdbc/2.0.3.RELEASE/spring-boot-starter-jdbc-2.0.3.RELEASE.jar:/Users/patrickvermillion/.m2/repository/com/zaxxer/HikariCP/2.7.9/HikariCP-2.7.9.jar:/Users/patrickvermillion/.m2/repository/org/springframework/spring-jdbc/5.0.7.RELEASE/spring-jdbc-5.0.7.RELEASE.jar:/Users/patrickvermillion/.m2/repository/org/hibernate/hibernate-core/5.2.17.Final/hibernate-core-5.2.17.Final.jar:/Users/patrickvermillion/.m2/repository/org/hibernate/javax/persistence/hibernate-jpa-2.1-api/1.0.2.Final/hibernate-jpa-2.1-api-1.0.2.Final.jar:/Users/patrickvermillion/.m2/repository/org/javassist/javassist/3.22.0-GA/javassist-3.22.0-GA.jar:/Users/patrickvermillion/.m2/repository/antlr/antlr/2.7.7/antlr-2.7.7.jar:/Users/patrickvermillion/.m2/repository/org/jboss/jandex/2.0.3.Final/jandex-2.0.3.Final.jar:/Users/patrickvermillion/.m2/repository/dom4j/dom4j/1.6.1/dom4j-1.6.1.jar:/Users/patrickvermillion/.m2/repository/org/hibernate/common/hibernate-commons-annotations/5.0.1.Final/hibernate-commons-annotations-5.0.1.Final.jar:/Users/patrickvermillion/.m2/repository/javax/transaction/javax.transaction-api/1.2/javax.transaction-api-1.2.jar:/Users/patrickvermillion/.m2/repository/org/springframework/data/spring-data-jpa/2.0.8.RELEASE/spring-data-jpa-2.0.8.RELEASE.jar:/Users/patrickvermillion/.m2/repository/org/springframework/data/spring-data-commons/2.0.8.RELEASE/spring-data-commons-2.0.8.RELEASE.jar:/Users/patrickvermillion/.m2/repository/org/springframework/spring-orm/5.0.7.RELEASE/spring-orm-5.0.7.RELEASE.jar:/Users/patrickvermillion/.m2/repository/org/springframework/spring-tx/5.0.7.RELEASE/spring-tx-5.0.7.RELEASE.jar:/Users/patrickvermillion/.m2/repository/org/springframework/spring-aspects/5.0.7.RELEASE/spring-aspects-5.0.7.RELEASE.jar:/Users/patrickvermillion/.m2/repository/com/h2database/h2/1.4.197/h2-1.4.197.jar:/Users/patrickvermillion/.m2/repository/mysql/mysql-connector-java/5.1.46/mysql-connector-java-5.1.46.jar:/Users/patrickvermillion/.m2/repository/org/springframework/boot/spring-boot-starter-actuator/2.0.3.RELEASE/spring-boot-starter-actuator-2.0.3.RELEASE.jar:/Users/patrickvermillion/.m2/repository/org/springframework/boot/spring-boot-starter/2.0.3.RELEASE/spring-boot-starter-2.0.3.RELEASE.jar:/Users/patrickvermillion/.m2/repository/org/springframework/boot/spring-boot-starter-logging/2.0.3.RELEASE/spring-boot-starter-logging-2.0.3.RELEASE.jar:/Users/patrickvermillion/.m2/repository/ch/qos/logback/logback-classic/1.2.3/logback-classic-1.2.3.jar:/Users/patrickvermillion/.m2/repository/ch/qos/logback/logback-core/1.2.3/logback-core-1.2.3.jar:/Users/patrickvermillion/.m2/repository/org/apache/logging/log4j/log4j-to-slf4j/2.10.0/log4j-to-slf4j-2.10.0.jar:/Users/patrickvermillion/.m2/repository/org/apache/logging/log4j/log4j-api/2.10.0/log4j-api-2.10.0.jar:/Users/patrickvermillion/.m2/repository/org/slf4j/jul-to-slf4j/1.7.25/jul-to-slf4j-1.7.25.jar:/Users/patrickvermillion/.m2/repository/javax/annotation/javax.annotation-api/1.3.2/javax.annotation-api-1.3.2.jar:/Users/patrickvermillion/.m2/repository/org/yaml/snakeyaml/1.19/snakeyaml-1.19.jar:/Users/patrickvermillion/.m2/repository/org/springframework/boot/spring-boot-actuator-autoconfigure/2.0.3.RELEASE/spring-boot-actuator-autoconfigure-2.0.3.RELEASE.jar:/Users/patrickvermillion/.m2/repository/org/springframework/boot/spring-boot-actuator/2.0.3.RELEASE/spring-boot-actuator-2.0.3.RELEASE.jar:/Users/patrickvermillion/.m2/repository/com/fasterxml/jackson/core/jackson-databind/2.9.6/jackson-databind-2.9.6.jar:/Users/patrickvermillion/.m2/repository/com/fasterxml/jackson/core/jackson-annotations/2.9.0/jackson-annotations-2.9.0.jar:/Users/patrickvermillion/.m2/repository/com/fasterxml/jackson/core/jackson-core/2.9.6/jackson-core-2.9.6.jar:/Users/patrickvermillion/.m2/repository/org/springframework/spring-context/5.0.7.RELEASE/spring-context-5.0.7.RELEASE.jar:/Users/patrickvermillion/.m2/repository/com/fasterxml/jackson/datatype/jackson-datatype-jsr310/2.9.6/jackson-datatype-jsr310-2.9.6.jar:/Users/patrickvermillion/.m2/repository/io/micrometer/micrometer-core/1.0.5/micrometer-core-1.0.5.jar:/Users/patrickvermillion/.m2/repository/org/hdrhistogram/HdrHistogram/2.1.10/HdrHistogram-2.1.10.jar:/Users/patrickvermillion/.m2/repository/org/latencyutils/LatencyUtils/2.0.3/LatencyUtils-2.0.3.jar:/Users/patrickvermillion/.m2/repository/org/springframework/boot/spring-boot-starter-thymeleaf/2.0.3.RELEASE/spring-boot-starter-thymeleaf-2.0.3.RELEASE.jar:/Users/patrickvermillion/.m2/repository/org/thymeleaf/thymeleaf-spring5/3.0.9.RELEASE/thymeleaf-spring5-3.0.9.RELEASE.jar:/Users/patrickvermillion/.m2/repository/org/thymeleaf/thymeleaf/3.0.9.RELEASE/thymeleaf-3.0.9.RELEASE.jar:/Users/patrickvermillion/.m2/repository/org/attoparser/attoparser/2.0.4.RELEASE/attoparser-2.0.4.RELEASE.jar:/Users/patrickvermillion/.m2/repository/org/unbescape/unbescape/1.1.5.RELEASE/unbescape-1.1.5.RELEASE.jar:/Users/patrickvermillion/.m2/repository/org/slf4j/slf4j-api/1.7.25/slf4j-api-1.7.25.jar:/Users/patrickvermillion/.m2/repository/org/thymeleaf/extras/thymeleaf-extras-java8time/3.0.1.RELEASE/thymeleaf-extras-java8time-3.0.1.RELEASE.jar:/Users/patrickvermillion/.m2/repository/org/springframework/boot/spring-boot-starter-web/2.0.3.RELEASE/spring-boot-starter-web-2.0.3.RELEASE.jar:/Users/patrickvermillion/.m2/repository/org/springframework/boot/spring-boot-starter-json/2.0.3.RELEASE/spring-boot-starter-json-2.0.3.RELEASE.jar:/Users/patrickvermillion/.m2/repository/com/fasterxml/jackson/datatype/jackson-datatype-jdk8/2.9.6/jackson-datatype-jdk8-2.9.6.jar:/Users/patrickvermillion/.m2/repository/com/fasterxml/jackson/module/jackson-module-parameter-names/2.9.6/jackson-module-parameter-names-2.9.6.jar:/Users/patrickvermillion/.m2/repository/org/springframework/boot/spring-boot-starter-tomcat/2.0.3.RELEASE/spring-boot-starter-tomcat-2.0.3.RELEASE.jar:/Users/patrickvermillion/.m2/repository/org/apache/tomcat/embed/tomcat-embed-core/8.5.31/tomcat-embed-core-8.5.31.jar:/Users/patrickvermillion/.m2/repository/org/apache/tomcat/embed/tomcat-embed-el/8.5.31/tomcat-embed-el-8.5.31.jar:/Users/patrickvermillion/.m2/repository/org/apache/tomcat/embed/tomcat-embed-websocket/8.5.31/tomcat-embed-websocket-8.5.31.jar:/Users/patrickvermillion/.m2/repository/org/hibernate/validator/hibernate-validator/6.0.10.Final/hibernate-validator-6.0.10.Final.jar:/Users/patrickvermillion/.m2/repository/javax/validation/validation-api/2.0.1.Final/validation-api-2.0.1.Final.jar:/Users/patrickvermillion/.m2/repository/org/jboss/logging/jboss-logging/3.3.2.Final/jboss-logging-3.3.2.Final.jar:/Users/patrickvermillion/.m2/repository/com/fasterxml/classmate/1.3.4/classmate-1.3.4.jar:/Users/patrickvermillion/.m2/repository/org/springframework/spring-web/5.0.7.RELEASE/spring-web-5.0.7.RELEASE.jar:/Users/patrickvermillion/.m2/repository/org/springframework/spring-beans/5.0.7.RELEASE/spring-beans-5.0.7.RELEASE.jar:/Users/patrickvermillion/.m2/repository/org/springframework/spring-webmvc/5.0.7.RELEASE/spring-webmvc-5.0.7.RELEASE.jar:/Users/patrickvermillion/.m2/repository/org/springframework/spring-aop/5.0.7.RELEASE/spring-aop-5.0.7.RELEASE.jar:/Users/patrickvermillion/.m2/repository/org/springframework/spring-expression/5.0.7.RELEASE/spring-expression-5.0.7.RELEASE.jar:/Users/patrickvermillion/.m2/repository/org/springframework/boot/spring-boot-devtools/2.0.3.RELEASE/spring-boot-devtools-2.0.3.RELEASE.jar:/Users/patrickvermillion/.m2/repository/org/springframework/boot/spring-boot/2.0.3.RELEASE/spring-boot-2.0.3.RELEASE.jar:/Users/patrickvermillion/.m2/repository/org/springframework/boot/spring-boot-autoconfigure/2.0.3.RELEASE/spring-boot-autoconfigure-2.0.3.RELEASE.jar:/Users/patrickvermillion/.m2/repository/org/springframework/boot/spring-boot-starter-test/2.0.3.RELEASE/spring-boot-starter-test-2.0.3.RELEASE.jar:/Users/patrickvermillion/.m2/repository/org/springframework/boot/spring-boot-test/2.0.3.RELEASE/spring-boot-test-2.0.3.RELEASE.jar:/Users/patrickvermillion/.m2/repository/org/springframework/boot/spring-boot-test-autoconfigure/2.0.3.RELEASE/spring-boot-test-autoconfigure-2.0.3.RELEASE.jar:/Users/patrickvermillion/.m2/repository/com/jayway/jsonpath/json-path/2.4.0/json-path-2.4.0.jar:/Users/patrickvermillion/.m2/repository/net/minidev/json-smart/2.3/json-smart-2.3.jar:/Users/patrickvermillion/.m2/repository/net/minidev/accessors-smart/1.2/accessors-smart-1.2.jar:/Users/patrickvermillion/.m2/repository/org/ow2/asm/asm/5.0.4/asm-5.0.4.jar:/Users/patrickvermillion/.m2/repository/junit/junit/4.12/junit-4.12.jar:/Users/patrickvermillion/.m2/repository/org/assertj/assertj-core/3.9.1/assertj-core-3.9.1.jar:/Users/patrickvermillion/.m2/repository/org/mockito/mockito-core/2.15.0/mockito-core-2.15.0.jar:/Users/patrickvermillion/.m2/repository/net/bytebuddy/byte-buddy/1.7.11/byte-buddy-1.7.11.jar:/Users/patrickvermillion/.m2/repository/net/bytebuddy/byte-buddy-agent/1.7.11/byte-buddy-agent-1.7.11.jar:/Users/patrickvermillion/.m2/repository/org/objenesis/objenesis/2.6/objenesis-2.6.jar:/Users/patrickvermillion/.m2/repository/org/hamcrest/hamcrest-core/1.3/hamcrest-core-1.3.jar:/Users/patrickvermillion/.m2/repository/org/hamcrest/hamcrest-library/1.3/hamcrest-library-1.3.jar:/Users/patrickvermillion/.m2/repository/org/skyscreamer/jsonassert/1.5.0/jsonassert-1.5.0.jar:/Users/patrickvermillion/.m2/repository/com/vaadin/external/google/android-json/0.0.20131108.vaadin1/android-json-0.0.20131108.vaadin1.jar:/Users/patrickvermillion/.m2/repository/org/springframework/spring-core/5.0.7.RELEASE/spring-core-5.0.7.RELEASE.jar:/Users/patrickvermillion/.m2/repository/org/springframework/spring-jcl/5.0.7.RELEASE/spring-jcl-5.0.7.RELEASE.jar:/Users/patrickvermillion/.m2/repository/org/springframework/spring-test/5.0.7.RELEASE/spring-test-5.0.7.RELEASE.jar:/Users/patrickvermillion/.m2/repository/org/xmlunit/xmlunit-core/2.5.1/xmlunit-core-2.5.1.jar:, java.vm.vendor=Azul Systems, Inc., sun.arch.data.model=64, java.vendor.url=http://www.azulsystems.com/, user.timezone=America/Chicago, java.vm.specification.version=12, os.name=Mac OS X, sun.java.launcher=SUN_STANDARD, user.country=US, sun.boot.library.path=/Users/patrickvermillion/.sdkman/candidates/java/12.0.2-zulu/lib, sun.java.command=/Users/patrickvermillion/Documents/GitHub/sfg-pet-clinic-fe38e59be9e8738fa1a8500e0e97f02c4d8020cc/pet-clinic-web/target/surefire/surefirebooter7324764215202766803.jar /Users/patrickvermillion/Documents/GitHub/sfg-pet-clinic-fe38e59be9e8738fa1a8500e0e97f02c4d8020cc/pet-clinic-web/target/surefire 2019-09-17T16-09-05_937-jvmRun1 surefire6976523395806819273tmp surefire_012293257749981427322tmp, http.nonProxyHosts=local|*.local|169.254/16|*.169.254/16, jdk.debug=release, surefire.test.class.path=/Users/patrickvermillion/Documents/GitHub/sfg-pet-clinic-fe38e59be9e8738fa1a8500e0e97f02c4d8020cc/pet-clinic-web/target/test-classes:/Users/patrickvermillion/Documents/GitHub/sfg-pet-clinic-fe38e59be9e8738fa1a8500e0e97f02c4d8020cc/pet-clinic-web/target/classes:/Users/patrickvermillion/Documents/GitHub/sfg-pet-clinic-fe38e59be9e8738fa1a8500e0e97f02c4d8020cc/pet-clinic-data/target/pet-clinic-data-0.0.1.jar:/Users/patrickvermillion/.m2/repository/org/springframework/boot/spring-boot-starter-data-jpa/2.0.3.RELEASE/spring-boot-starter-data-jpa-2.0.3.RELEASE.jar:/Users/patrickvermillion/.m2/repository/org/springframework/boot/spring-boot-starter-aop/2.0.3.RELEASE/spring-boot-starter-aop-2.0.3.RELEASE.jar:/Users/patrickvermillion/.m2/repository/org/aspectj/aspectjweaver/1.8.13/aspectjweaver-1.8.13.jar:/Users/patrickvermillion/.m2/repository/org/springframework/boot/spring-boot-starter-jdbc/2.0.3.RELEASE/spring-boot-starter-jdbc-2.0.3.RELEASE.jar:/Users/patrickvermillion/.m2/repository/com/zaxxer/HikariCP/2.7.9/HikariCP-2.7.9.jar:/Users/patrickvermillion/.m2/repository/org/springframework/spring-jdbc/5.0.7.RELEASE/spring-jdbc-5.0.7.RELEASE.jar:/Users/patrickvermillion/.m2/repository/org/hibernate/hibernate-core/5.2.17.Final/hibernate-core-5.2.17.Final.jar:/Users/patrickvermillion/.m2/repository/org/hibernate/javax/persistence/hibernate-jpa-2.1-api/1.0.2.Final/hibernate-jpa-2.1-api-1.0.2.Final.jar:/Users/patrickvermillion/.m2/repository/org/javassist/javassist/3.22.0-GA/javassist-3.22.0-GA.jar:/Users/patrickvermillion/.m2/repository/antlr/antlr/2.7.7/antlr-2.7.7.jar:/Users/patrickvermillion/.m2/repository/org/jboss/jandex/2.0.3.Final/jandex-2.0.3.Final.jar:/Users/patrickvermillion/.m2/repository/dom4j/dom4j/1.6.1/dom4j-1.6.1.jar:/Users/patrickvermillion/.m2/repository/org/hibernate/common/hibernate-commons-annotations/5.0.1.Final/hibernate-commons-annotations-5.0.1.Final.jar:/Users/patrickvermillion/.m2/repository/javax/transaction/javax.transaction-api/1.2/javax.transaction-api-1.2.jar:/Users/patrickvermillion/.m2/repository/org/springframework/data/spring-data-jpa/2.0.8.RELEASE/spring-data-jpa-2.0.8.RELEASE.jar:/Users/patrickvermillion/.m2/repository/org/springframework/data/spring-data-commons/2.0.8.RELEASE/spring-data-commons-2.0.8.RELEASE.jar:/Users/patrickvermillion/.m2/repository/org/springframework/spring-orm/5.0.7.RELEASE/spring-orm-5.0.7.RELEASE.jar:/Users/patrickvermillion/.m2/repository/org/springframework/spring-tx/5.0.7.RELEASE/spring-tx-5.0.7.RELEASE.jar:/Users/patrickvermillion/.m2/repository/org/springframework/spring-aspects/5.0.7.RELEASE/spring-aspects-5.0.7.RELEASE.jar:/Users/patrickvermillion/.m2/repository/com/h2database/h2/1.4.197/h2-1.4.197.jar:/Users/patrickvermillion/.m2/repository/mysql/mysql-connector-java/5.1.46/mysql-connector-java-5.1.46.jar:/Users/patrickvermillion/.m2/repository/org/springframework/boot/spring-boot-starter-actuator/2.0.3.RELEASE/spring-boot-starter-actuator-2.0.3.RELEASE.jar:/Users/patrickvermillion/.m2/repository/org/springframework/boot/spring-boot-starter/2.0.3.RELEASE/spring-boot-starter-2.0.3.RELEASE.jar:/Users/patrickvermillion/.m2/repository/org/springframework/boot/spring-boot-starter-logging/2.0.3.RELEASE/spring-boot-starter-logging-2.0.3.RELEASE.jar:/Users/patrickvermillion/.m2/repository/ch/qos/logback/logback-classic/1.2.3/logback-classic-1.2.3.jar:/Users/patrickvermillion/.m2/repository/ch/qos/logback/logback-core/1.2.3/logback-core-1.2.3.jar:/Users/patrickvermillion/.m2/repository/org/apache/logging/log4j/log4j-to-slf4j/2.10.0/log4j-to-slf4j-2.10.0.jar:/Users/patrickvermillion/.m2/repository/org/apache/logging/log4j/log4j-api/2.10.0/log4j-api-2.10.0.jar:/Users/patrickvermillion/.m2/repository/org/slf4j/jul-to-slf4j/1.7.25/jul-to-slf4j-1.7.25.jar:/Users/patrickvermillion/.m2/repository/javax/annotation/javax.annotation-api/1.3.2/javax.annotation-api-1.3.2.jar:/Users/patrickvermillion/.m2/repository/org/yaml/snakeyaml/1.19/snakeyaml-1.19.jar:/Users/patrickvermillion/.m2/repository/org/springframework/boot/spring-boot-actuator-autoconfigure/2.0.3.RELEASE/spring-boot-actuator-autoconfigure-2.0.3.RELEASE.jar:/Users/patrickvermillion/.m2/repository/org/springframework/boot/spring-boot-actuator/2.0.3.RELEASE/spring-boot-actuator-2.0.3.RELEASE.jar:/Users/patrickvermillion/.m2/repository/com/fasterxml/jackson/core/jackson-databind/2.9.6/jackson-databind-2.9.6.jar:/Users/patrickvermillion/.m2/repository/com/fasterxml/jackson/core/jackson-annotations/2.9.0/jackson-annotations-2.9.0.jar:/Users/patrickvermillion/.m2/repository/com/fasterxml/jackson/core/jackson-core/2.9.6/jackson-core-2.9.6.jar:/Users/patrickvermillion/.m2/repository/org/springframework/spring-context/5.0.7.RELEASE/spring-context-5.0.7.RELEASE.jar:/Users/patrickvermillion/.m2/repository/com/fasterxml/jackson/datatype/jackson-datatype-jsr310/2.9.6/jackson-datatype-jsr310-2.9.6.jar:/Users/patrickvermillion/.m2/repository/io/micrometer/micrometer-core/1.0.5/micrometer-core-1.0.5.jar:/Users/patrickvermillion/.m2/repository/org/hdrhistogram/HdrHistogram/2.1.10/HdrHistogram-2.1.10.jar:/Users/patrickvermillion/.m2/repository/org/latencyutils/LatencyUtils/2.0.3/LatencyUtils-2.0.3.jar:/Users/patrickvermillion/.m2/repository/org/springframework/boot/spring-boot-starter-thymeleaf/2.0.3.RELEASE/spring-boot-starter-thymeleaf-2.0.3.RELEASE.jar:/Users/patrickvermillion/.m2/repository/org/thymeleaf/thymeleaf-spring5/3.0.9.RELEASE/thymeleaf-spring5-3.0.9.RELEASE.jar:/Users/patrickvermillion/.m2/repository/org/thymeleaf/thymeleaf/3.0.9.RELEASE/thymeleaf-3.0.9.RELEASE.jar:/Users/patrickvermillion/.m2/repository/org/attoparser/attoparser/2.0.4.RELEASE/attoparser-2.0.4.RELEASE.jar:/Users/patrickvermillion/.m2/repository/org/unbescape/unbescape/1.1.5.RELEASE/unbescape-1.1.5.RELEASE.jar:/Users/patrickvermillion/.m2/repository/org/slf4j/slf4j-api/1.7.25/slf4j-api-1.7.25.jar:/Users/patrickvermillion/.m2/repository/org/thymeleaf/extras/thymeleaf-extras-java8time/3.0.1.RELEASE/thymeleaf-extras-java8time-3.0.1.RELEASE.jar:/Users/patrickvermillion/.m2/repository/org/springframework/boot/spring-boot-starter-web/2.0.3.RELEASE/spring-boot-starter-web-2.0.3.RELEASE.jar:/Users/patrickvermillion/.m2/repository/org/springframework/boot/spring-boot-starter-json/2.0.3.RELEASE/spring-boot-starter-json-2.0.3.RELEASE.jar:/Users/patrickvermillion/.m2/repository/com/fasterxml/jackson/datatype/jackson-datatype-jdk8/2.9.6/jackson-datatype-jdk8-2.9.6.jar:/Users/patrickvermillion/.m2/repository/com/fasterxml/jackson/module/jackson-module-parameter-names/2.9.6/jackson-module-parameter-names-2.9.6.jar:/Users/patrickvermillion/.m2/repository/org/springframework/boot/spring-boot-starter-tomcat/2.0.3.RELEASE/spring-boot-starter-tomcat-2.0.3.RELEASE.jar:/Users/patrickvermillion/.m2/repository/org/apache/tomcat/embed/tomcat-embed-core/8.5.31/tomcat-embed-core-8.5.31.jar:/Users/patrickvermillion/.m2/repository/org/apache/tomcat/embed/tomcat-embed-el/8.5.31/tomcat-embed-el-8.5.31.jar:/Users/patrickvermillion/.m2/repository/org/apache/tomcat/embed/tomcat-embed-websocket/8.5.31/tomcat-embed-websocket-8.5.31.jar:/Users/patrickvermillion/.m2/repository/org/hibernate/validator/hibernate-validator/6.0.10.Final/hibernate-validator-6.0.10.Final.jar:/Users/patrickvermillion/.m2/repository/javax/validation/validation-api/2.0.1.Final/validation-api-2.0.1.Final.jar:/Users/patrickvermillion/.m2/repository/org/jboss/logging/jboss-logging/3.3.2.Final/jboss-logging-3.3.2.Final.jar:/Users/patrickvermillion/.m2/repository/com/fasterxml/classmate/1.3.4/classmate-1.3.4.jar:/Users/patrickvermillion/.m2/repository/org/springframework/spring-web/5.0.7.RELEASE/spring-web-5.0.7.RELEASE.jar:/Users/patrickvermillion/.m2/repository/org/springframework/spring-beans/5.0.7.RELEASE/spring-beans-5.0.7.RELEASE.jar:/Users/patrickvermillion/.m2/repository/org/springframework/spring-webmvc/5.0.7.RELEASE/spring-webmvc-5.0.7.RELEASE.jar:/Users/patrickvermillion/.m2/repository/org/springframework/spring-aop/5.0.7.RELEASE/spring-aop-5.0.7.RELEASE.jar:/Users/patrickvermillion/.m2/repository/org/springframework/spring-expression/5.0.7.RELEASE/spring-expression-5.0.7.RELEASE.jar:/Users/patrickvermillion/.m2/repository/org/springframework/boot/spring-boot-devtools/2.0.3.RELEASE/spring-boot-devtools-2.0.3.RELEASE.jar:/Users/patrickvermillion/.m2/repository/org/springframework/boot/spring-boot/2.0.3.RELEASE/spring-boot-2.0.3.RELEASE.jar:/Users/patrickvermillion/.m2/repository/org/springframework/boot/spring-boot-autoconfigure/2.0.3.RELEASE/spring-boot-autoconfigure-2.0.3.RELEASE.jar:/Users/patrickvermillion/.m2/repository/org/springframework/boot/spring-boot-starter-test/2.0.3.RELEASE/spring-boot-starter-test-2.0.3.RELEASE.jar:/Users/patrickvermillion/.m2/repository/org/springframework/boot/spring-boot-test/2.0.3.RELEASE/spring-boot-test-2.0.3.RELEASE.jar:/Users/patrickvermillion/.m2/repository/org/springframework/boot/spring-boot-test-autoconfigure/2.0.3.RELEASE/spring-boot-test-autoconfigure-2.0.3.RELEASE.jar:/Users/patrickvermillion/.m2/repository/com/jayway/jsonpath/json-path/2.4.0/json-path-2.4.0.jar:/Users/patrickvermillion/.m2/repository/net/minidev/json-smart/2.3/json-smart-2.3.jar:/Users/patrickvermillion/.m2/repository/net/minidev/accessors-smart/1.2/accessors-smart-1.2.jar:/Users/patrickvermillion/.m2/repository/org/ow2/asm/asm/5.0.4/asm-5.0.4.jar:/Users/patrickvermillion/.m2/repository/junit/junit/4.12/junit-4.12.jar:/Users/patrickvermillion/.m2/repository/org/assertj/assertj-core/3.9.1/assertj-core-3.9.1.jar:/Users/patrickvermillion/.m2/repository/org/mockito/mockito-core/2.15.0/mockito-core-2.15.0.jar:/Users/patrickvermillion/.m2/repository/net/bytebuddy/byte-buddy/1.7.11/byte-buddy-1.7.11.jar:/Users/patrickvermillion/.m2/repository/net/bytebuddy/byte-buddy-agent/1.7.11/byte-buddy-agent-1.7.11.jar:/Users/patrickvermillion/.m2/repository/org/objenesis/objenesis/2.6/objenesis-2.6.jar:/Users/patrickvermillion/.m2/repository/org/hamcrest/hamcrest-core/1.3/hamcrest-core-1.3.jar:/Users/patrickvermillion/.m2/repository/org/hamcrest/hamcrest-library/1.3/hamcrest-library-1.3.jar:/Users/patrickvermillion/.m2/repository/org/skyscreamer/jsonassert/1.5.0/jsonassert-1.5.0.jar:/Users/patrickvermillion/.m2/repository/com/vaadin/external/google/android-json/0.0.20131108.vaadin1/android-json-0.0.20131108.vaadin1.jar:/Users/patrickvermillion/.m2/repository/org/springframework/spring-core/5.0.7.RELEASE/spring-core-5.0.7.RELEASE.jar:/Users/patrickvermillion/.m2/repository/org/springframework/spring-jcl/5.0.7.RELEASE/spring-jcl-5.0.7.RELEASE.jar:/Users/patrickvermillion/.m2/repository/org/springframework/spring-test/5.0.7.RELEASE/spring-test-5.0.7.RELEASE.jar:/Users/patrickvermillion/.m2/repository/org/xmlunit/xmlunit-core/2.5.1/xmlunit-core-2.5.1.jar:, sun.cpu.endian=little, user.home=/Users/patrickvermillion, user.language=en, java.specification.vendor=Oracle Corporation, java.version.date=2019-07-16, java.home=/Users/patrickvermillion/.sdkman/candidates/java/12.0.2-zulu, file.separator=/, basedir=/Users/patrickvermillion/Documents/GitHub/sfg-pet-clinic-fe38e59be9e8738fa1a8500e0e97f02c4d8020cc/pet-clinic-web, java.vm.compressedOopsMode=Zero based, line.separator=
, java.vm.specification.vendor=Oracle Corporation, java.specification.name=Java Platform API Specification, java.awt.graphicsenv=sun.awt.CGraphicsEnvironment, surefire.real.class.path=/Users/patrickvermillion/Documents/GitHub/sfg-pet-clinic-fe38e59be9e8738fa1a8500e0e97f02c4d8020cc/pet-clinic-web/target/surefire/surefirebooter7324764215202766803.jar, sun.management.compiler=HotSpot 64-Bit Tiered Compilers, ftp.nonProxyHosts=local|*.local|169.254/16|*.169.254/16, java.runtime.version=12.0.2+3, user.name=patrickvermillion, path.separator=:, os.version=10.14.3, java.runtime.name=OpenJDK Runtime Environment, file.encoding=UTF-8, java.vm.name=OpenJDK 64-Bit Server VM, java.vendor.version=Zulu12.3+11-CA, localRepository=/Users/patrickvermillion/.m2/repository, java.vendor.url.bug=http://www.azulsystems.com/support/, java.io.tmpdir=/var/folders/qv/d7mgx4fn76q1yx45b28zfttm0000gn/T/, java.version=12.0.2, user.dir=/Users/patrickvermillion/Documents/GitHub/sfg-pet-clinic-fe38e59be9e8738fa1a8500e0e97f02c4d8020cc/pet-clinic-web, os.arch=x86_64, java.vm.specification.name=Java Virtual Machine Specification, java.library.path=/Users/patrickvermillion/Library/Java/Extensions:/Library/Java/Extensions:/Network/Library/Java/Extensions:/System/Library/Java/Extensions:/usr/lib/java:., java.vm.info=mixed mode, sharing, java.vendor=Azul Systems, Inc., java.vm.version=12.0.2+3, sun.io.unicode.encoding=UnicodeBig, maven.repo.local=/Users/patrickvermillion/.m2/repository, socksNonProxyHosts=local|*.local|169.254/16|*.169.254/16, java.class.version=56.0}}, SystemEnvironmentPropertySource@148626113 {name='systemEnvironment', properties={PATH=/anaconda3/bin:/Users/patrickvermillion/.sdkman/candidates/java/current/bin:/Users/patrickvermillion/.sdkman/candidates/groovy/current/bin:/usr/local/bin:/usr/bin:/bin:/usr/sbin:/sbin:/Users/patrickvermillion/Library/Android/sdk:/Users/patrickvermillion/Library/Android/sdk/platform-tools:/Users/patrickvermillion/Library/Android/sdk/tools:/Users/patrickvermillion/Library/Android/sdk/tools/bin, SDKMAN_VERSION=5.7.3+337, CONDA_DEFAULT_ENV=base, CONDA_EXE=/anaconda3/bin/conda, JAVA_HOME=/Users/patrickvermillion/.sdkman/candidates/java/current, CONDA_PYTHON_EXE=/anaconda3/bin/python, TERM=xterm-256color, ANDROID_HOME=/Users/patrickvermillion/Library/Android/sdk, CONDA_PREFIX=/anaconda3, GROOVY_HOME=/Users/patrickvermillion/.sdkman/candidates/groovy/current, SDKMAN_DIR=/Users/patrickvermillion/.sdkman, LOGNAME=patrickvermillion, XPC_SERVICE_NAME=0, PWD=/Users/patrickvermillion/Documents/GitHub/sfg-pet-clinic-fe38e59be9e8738fa1a8500e0e97f02c4d8020cc/pet-clinic-web, JAVA_MAIN_CLASS_30494=org.codehaus.plexus.classworlds.launcher.Launcher, MAVEN_CMD_LINE_ARGS= -D maven.repo.local=/Users/patrickvermillion/.m2/repository -s /private/var/folders/qv/d7mgx4fn76q1yx45b28zfttm0000gn/T/release-settings15906739713902959298.xml clean verify, CONDA_SHLVL=1, _=/Users/patrickvermillion/.sdkman/candidates/java/12.0.2-zulu/bin/java, SDKMAN_CANDIDATES_DIR=/Users/patrickvermillion/.sdkman/candidates, SHELL=/usr/local/bin/bash, MAVEN_TERMINATE_CMD=on, SDKMAN_CANDIDATES_API=https://api.sdkman.io/2, MAVEN_PROJECTBASEDIR=/Users/patrickvermillion/Documents/GitHub/sfg-pet-clinic-fe38e59be9e8738fa1a8500e0e97f02c4d8020cc, OLDPWD=/Users/patrickvermillion/Documents/GitHub/sfg-pet-clinic-fe38e59be9e8738fa1a8500e0e97f02c4d8020cc/pet-clinic-web, SDKMAN_PLATFORM=Darwin, USER=patrickvermillion, JAVA_MAIN_CLASS_30509=org.codehaus.plexus.classworlds.launcher.Launcher, TERMINAL_EMULATOR=JetBrains-JediTerm, TMPDIR=/var/folders/qv/d7mgx4fn76q1yx45b28zfttm0000gn/T/, SSH_AUTH_SOCK=/private/tmp/com.apple.launchd.eoKUhEBW30/Listeners, XPC_FLAGS=0x0, JAVA_MAIN_CLASS_30522=org.apache.maven.surefire.booter.ForkedBooter, M2_HOME=/usr/local/Cellar/maven/3.6.0/libexec, __CF_USER_TEXT_ENCODING=0x1F5:0x0:0x0, CONDA_PROMPT_MODIFIER=, Apple_PubSub_Socket_Render=/private/tmp/com.apple.launchd.ZCre2sJkX6/Render, LC_CTYPE=en_US.UTF-8, HOME=/Users/patrickvermillion, SHLVL=3}}]
16:09:07.254 [main] DEBUG org.springframework.core.io.support.PathMatchingResourcePatternResolver - Resolved classpath location [sfgpetclinic/] to resources [URL [file:/Users/patrickvermillion/Documents/GitHub/sfg-pet-clinic-fe38e59be9e8738fa1a8500e0e97f02c4d8020cc/pet-clinic-web/target/test-classes/sfgpetclinic/]]
16:09:07.254 [main] DEBUG org.springframework.core.io.support.PathMatchingResourcePatternResolver - Looking for matching resources in directory tree [/Users/patrickvermillion/Documents/GitHub/sfg-pet-clinic-fe38e59be9e8738fa1a8500e0e97f02c4d8020cc/pet-clinic-web/target/test-classes/sfgpetclinic]
16:09:07.255 [main] DEBUG org.springframework.core.io.support.PathMatchingResourcePatternResolver - Searching directory [/Users/patrickvermillion/Documents/GitHub/sfg-pet-clinic-fe38e59be9e8738fa1a8500e0e97f02c4d8020cc/pet-clinic-web/target/test-classes/sfgpetclinic] for files matching pattern [/Users/patrickvermillion/Documents/GitHub/sfg-pet-clinic-fe38e59be9e8738fa1a8500e0e97f02c4d8020cc/pet-clinic-web/target/test-classes/sfgpetclinic/*.class]
16:09:07.257 [main] DEBUG org.springframework.core.io.support.PathMatchingResourcePatternResolver - Resolved location pattern [classpath*:sfgpetclinic/*.class] to resources [file [/Users/patrickvermillion/Documents/GitHub/sfg-pet-clinic-fe38e59be9e8738fa1a8500e0e97f02c4d8020cc/pet-clinic-web/target/test-classes/sfgpetclinic/SfgPetClinicApplicationTests.class]]
]]></system-out>
  </testcase>
</testsuite>